<?xml version="1.0" encoding="UTF-8"?>
<!-- Generated by org.testng.reporters.JUnitReportReporter -->
<testsuite skipped="0" hostname="QMR" name="com.obsqura.Selenium_1" tests="1" failures="0" timestamp="06 Jan 2022 03:00:30 GMT" time="28.207" errors="0">
  <testcase name="OpeningBrowser" time="28.207" classname="com.obsqura.Selenium_1"/>
</testsuite> <!-- com.obsqura.Selenium_1 -->
