<?xml version="1.0" encoding="UTF-8"?>
<!-- Generated by org.testng.reporters.JUnitReportReporter -->
<testsuite skipped="0" hostname="QMR" name="com.obsqura.Test25thJan" tests="1" failures="0" timestamp="25 Jan 2022 03:09:54 GMT" time="22.410" errors="0">
  <testcase name="testBrowserWindow" time="22.410" classname="com.obsqura.Test25thJan"/>
</testsuite> <!-- com.obsqura.Test25thJan -->
