<?xml version="1.0" encoding="UTF-8"?>
<!-- Generated by org.testng.reporters.JUnitReportReporter -->
<testsuite skipped="0" hostname="QMR" name="com.obsqura.TestngAnnotations_1" tests="2" failures="0" timestamp="19 Jan 2022 17:18:34 GMT" time="0.007" errors="0">
  <testcase name="test2" time="0.002" classname="com.obsqura.TestngAnnotations_1"/>
  <testcase name="test1" time="0.005" classname="com.obsqura.TestngAnnotations_1"/>
</testsuite> <!-- com.obsqura.TestngAnnotations_1 -->
