<?xml version="1.0" encoding="UTF-8"?>
<!-- Generated by org.testng.reporters.JUnitReportReporter -->
<testsuite skipped="0" hostname="QMR" name="com.obsqura.SeleniumAssignment_Jan07" tests="1" failures="0" timestamp="17 Jan 2022 02:58:20 GMT" time="37.870" errors="0">
  <testcase name="getNumberOfImages" time="37.870" classname="com.obsqura.SeleniumAssignment_Jan07"/>
</testsuite> <!-- com.obsqura.SeleniumAssignment_Jan07 -->
