<?xml version="1.0" encoding="UTF-8"?>
<!-- Generated by org.testng.reporters.JUnitReportReporter -->
<testsuite skipped="0" hostname="QMR" name="com.obsqura.SeleniumAssignment_Jan06" tests="2" failures="0" timestamp="17 Jan 2022 02:58:20 GMT" time="117.663" errors="0">
  <testcase name="verifyPageTitle" time="36.709" classname="com.obsqura.SeleniumAssignment_Jan06"/>
  <testcase name="countNumberOfImages" time="80.954" classname="com.obsqura.SeleniumAssignment_Jan06"/>
</testsuite> <!-- com.obsqura.SeleniumAssignment_Jan06 -->
