<?xml version="1.0" encoding="UTF-8"?>
<!-- Generated by org.testng.reporters.JUnitReportReporter -->
<testsuite skipped="0" hostname="QMR" name="com.obsqura.SeleniumAssignment1_Jan14" tests="1" failures="0" timestamp="19 Jan 2022 02:09:45 GMT" time="29.475" errors="0">
  <testcase name="GetCompanyNamesInClients" time="29.475" classname="com.obsqura.SeleniumAssignment1_Jan14"/>
</testsuite> <!-- com.obsqura.SeleniumAssignment1_Jan14 -->
