<?xml version="1.0" encoding="UTF-8"?>
<!-- Generated by org.testng.reporters.JUnitReportReporter -->
<testsuite hostname="DESKTOP-F1FC5DH" failures="0" tests="2" name="com.obsqura.TestngAnnotations_1" time="0.016" errors="0" timestamp="2022-01-29T17:10:43 GMT" skipped="0">
  <testcase classname="com.obsqura.TestngAnnotations_1" name="test1" time="0.000"/>
  <system-out/>
  <testcase classname="com.obsqura.TestngAnnotations_1" name="test2" time="0.016"/>
  <system-out/>
</testsuite> <!-- com.obsqura.TestngAnnotations_1 -->
