<?xml version="1.0" encoding="UTF-8"?>
<!-- Generated by org.testng.reporters.JUnitReportReporter -->
<testsuite skipped="0" hostname="QMR" name="com.obsqura.Selenium_WebElement" tests="1" failures="0" timestamp="17 Jan 2022 02:58:20 GMT" time="10.031" errors="0">
  <testcase name="findImage" time="10.031" classname="com.obsqura.Selenium_WebElement"/>
</testsuite> <!-- com.obsqura.Selenium_WebElement -->
