<?xml version="1.0" encoding="UTF-8"?>
<!-- Generated by org.testng.reporters.JUnitReportReporter -->
<testsuite hostname="DESKTOP-F1FC5DH" failures="0" tests="1" name="com.obsqura.SeleniumAssignment1_Jan14" time="16.853" errors="0" timestamp="2022-01-29T17:10:43 GMT" skipped="0">
  <testcase classname="com.obsqura.SeleniumAssignment1_Jan14" name="GetCompanyNamesInClients" time="16.853"/>
  <system-out/>
</testsuite> <!-- com.obsqura.SeleniumAssignment1_Jan14 -->
