<?xml version="1.0" encoding="UTF-8"?>
<!-- Generated by org.testng.reporters.JUnitReportReporter -->
<testsuite skipped="0" hostname="QMR" name="com.obsqura.SeleniumAssignment_Jan06" tests="2" failures="0" timestamp="06 Jan 2022 06:51:02 GMT" time="64.280" errors="0">
  <testcase name="verifyPageTitle" time="28.504" classname="com.obsqura.SeleniumAssignment_Jan06"/>
  <testcase name="countNumberOfImages" time="35.776" classname="com.obsqura.SeleniumAssignment_Jan06"/>
</testsuite> <!-- com.obsqura.SeleniumAssignment_Jan06 -->
