<?xml version="1.0" encoding="UTF-8"?>
<!-- Generated by org.testng.reporters.JUnitReportReporter -->
<testsuite hostname="DESKTOP-F1FC5DH" failures="0" tests="1" name="com.obsqura.Selenium_WebElement" time="2.543" errors="0" timestamp="2022-01-29T17:10:43 GMT" skipped="0">
  <testcase classname="com.obsqura.Selenium_WebElement" name="findImage" time="2.543"/>
  <system-out/>
</testsuite> <!-- com.obsqura.Selenium_WebElement -->
