<?xml version="1.0" encoding="UTF-8"?>
<!-- Generated by org.testng.reporters.JUnitReportReporter -->
<testsuite skipped="0" hostname="QMR" name="com.obsqura.Selenium_2" tests="1" failures="0" timestamp="17 Jan 2022 02:58:20 GMT" time="11.067" errors="0">
  <testcase name="verifyPageTitle" time="11.067" classname="com.obsqura.Selenium_2"/>
</testsuite> <!-- com.obsqura.Selenium_2 -->
